Determining if the pthread_create exist failed with the following output:
Change Dir: /home/viki/catkin_Workspace/build/CMakeFiles/CMakeTmp

Run Build Command:/usr/bin/make "cmTryCompileExec1758816218/fast"
/usr/bin/make -f CMakeFiles/cmTryCompileExec1758816218.dir/build.make CMakeFiles/cmTryCompileExec1758816218.dir/build
make[1]: Entering directory `/home/viki/catkin_Workspace/build/CMakeFiles/CMakeTmp'
/usr/bin/cmake -E cmake_progress_report /home/viki/catkin_Workspace/build/CMakeFiles/CMakeTmp/CMakeFiles 1
Building C object CMakeFiles/cmTryCompileExec1758816218.dir/CheckSymbolExists.c.o
/usr/bin/cc    -o CMakeFiles/cmTryCompileExec1758816218.dir/CheckSymbolExists.c.o   -c /home/viki/catkin_Workspace/build/CMakeFiles/CMakeTmp/CheckSymbolExists.c
Linking C executable cmTryCompileExec1758816218
/usr/bin/cmake -E cmake_link_script CMakeFiles/cmTryCompileExec1758816218.dir/link.txt --verbose=1
/usr/bin/cc       CMakeFiles/cmTryCompileExec1758816218.dir/CheckSymbolExists.c.o  -o cmTryCompileExec1758816218 -rdynamic 
CMakeFiles/cmTryCompileExec1758816218.dir/CheckSymbolExists.c.o: In function `main':
CheckSymbolExists.c:(.text+0x16): undefined reference to `pthread_create'
make[1]: Leaving directory `/home/viki/catkin_Workspace/build/CMakeFiles/CMakeTmp'
collect2: error: ld returned 1 exit status
make[1]: *** [cmTryCompileExec1758816218] Error 1
make: *** [cmTryCompileExec1758816218/fast] Error 2

File /home/viki/catkin_Workspace/build/CMakeFiles/CMakeTmp/CheckSymbolExists.c:
/* */
#include <pthread.h>

int main(int argc, char** argv)
{
  (void)argv;
#ifndef pthread_create
  return ((int*)(&pthread_create))[argc];
#else
  (void)argc;
  return 0;
#endif
}

Determining if the function pthread_create exists in the pthreads failed with the following output:
Change Dir: /home/viki/catkin_Workspace/build/CMakeFiles/CMakeTmp

Run Build Command:/usr/bin/make "cmTryCompileExec3034673459/fast"
/usr/bin/make -f CMakeFiles/cmTryCompileExec3034673459.dir/build.make CMakeFiles/cmTryCompileExec3034673459.dir/build
make[1]: Entering directory `/home/viki/catkin_Workspace/build/CMakeFiles/CMakeTmp'
/usr/bin/cmake -E cmake_progress_report /home/viki/catkin_Workspace/build/CMakeFiles/CMakeTmp/CMakeFiles 1
Building C object CMakeFiles/cmTryCompileExec3034673459.dir/CheckFunctionExists.c.o
/usr/bin/cc   -DCHECK_FUNCTION_EXISTS=pthread_create   -o CMakeFiles/cmTryCompileExec3034673459.dir/CheckFunctionExists.c.o   -c /usr/share/cmake-2.8/Modules/CheckFunctionExists.c
Linking C executable cmTryCompileExec3034673459
/usr/bin/cmake -E cmake_link_script CMakeFiles/cmTryCompileExec3034673459.dir/link.txt --verbose=1
/usr/bin/cc   -DCHECK_FUNCTION_EXISTS=pthread_create    CMakeFiles/cmTryCompileExec3034673459.dir/CheckFunctionExists.c.o  -o cmTryCompileExec3034673459 -rdynamic -lpthreads 
/usr/bin/ld: cannot find -lpthreads
collect2: error: ld returned 1 exit status
make[1]: Leaving directory `/home/viki/catkin_Workspace/build/CMakeFiles/CMakeTmp'
make[1]: *** [cmTryCompileExec3034673459] Error 1
make: *** [cmTryCompileExec3034673459/fast] Error 2


